Using pre-set license
Built from '2021.3/staging' branch; Version is '2021.3.14f1 (eee1884e7226) revision 15655304'; Using compiler version '192829333'; Build Type 'Release'
OS: 'Windows 11  (10.0.22631) 64bit Professional' Language: 'zh' Physical Memory: 16088 MB
BatchMode: 1, IsHumanControllingUs: 0, StartBugReporterOnCrash: 0, Is64bit: 1, IsPro: 1

COMMAND LINE ARGUMENTS:
C:\Program Files\Unity\Hub\Editor\2021.3.14f1\Editor\Unity.exe
-adb2
-batchMode
-noUpm
-name
AssetImportWorker0
-projectPath
E:/DLFC/Lining-Cube
-logFile
Logs/AssetImportWorker0.log
-srvPort
57931
Successfully changed project path to: E:/DLFC/Lining-Cube
E:/DLFC/Lining-Cube
[UnityMemory] Configuration Parameters - Can be set up in boot.config
    "memorysetup-bucket-allocator-granularity=16"
    "memorysetup-bucket-allocator-bucket-count=8"
    "memorysetup-bucket-allocator-block-size=33554432"
    "memorysetup-bucket-allocator-block-count=8"
    "memorysetup-main-allocator-block-size=16777216"
    "memorysetup-thread-allocator-block-size=16777216"
    "memorysetup-gfx-main-allocator-block-size=16777216"
    "memorysetup-gfx-thread-allocator-block-size=16777216"
    "memorysetup-cache-allocator-block-size=4194304"
    "memorysetup-typetree-allocator-block-size=2097152"
    "memorysetup-profiler-bucket-allocator-granularity=16"
    "memorysetup-profiler-bucket-allocator-bucket-count=8"
    "memorysetup-profiler-bucket-allocator-block-size=33554432"
    "memorysetup-profiler-bucket-allocator-block-count=8"
    "memorysetup-profiler-allocator-block-size=16777216"
    "memorysetup-profiler-editor-allocator-block-size=1048576"
    "memorysetup-temp-allocator-size-main=16777216"
    "memorysetup-job-temp-allocator-block-size=2097152"
    "memorysetup-job-temp-allocator-block-size-background=1048576"
    "memorysetup-job-temp-allocator-reduction-small-platforms=262144"
    "memorysetup-temp-allocator-size-background-worker=32768"
    "memorysetup-temp-allocator-size-job-worker=262144"
    "memorysetup-temp-allocator-size-preload-manager=33554432"
    "memorysetup-temp-allocator-size-nav-mesh-worker=65536"
    "memorysetup-temp-allocator-size-audio-worker=65536"
    "memorysetup-temp-allocator-size-cloud-worker=32768"
    "memorysetup-temp-allocator-size-gi-baking-worker=262144"
    "memorysetup-temp-allocator-size-gfx=262144"
Refreshing native plugins compatible for Editor in 66.19 ms, found 6 plugins.
Preloading 0 native plugins for Editor in 0.00 ms.
Initialize engine version: 2021.3.14f1 (eee1884e7226)
[Subsystems] Discovering subsystems at path C:/Program Files/Unity/Hub/Editor/2021.3.14f1/Editor/Data/Resources/UnitySubsystems
[Subsystems] Discovering subsystems at path E:/DLFC/Lining-Cube/Assets
GfxDevice: creating device client; threaded=0; jobified=0
Direct3D:
    Version:  Direct3D 11.0 [level 11.1]
    Renderer: NVIDIA GeForce RTX 3050 Laptop GPU (ID=0x25a2)
    Vendor:   NVIDIA
    VRAM:     3991 MB
    Driver:   30.0.15.1274
Initialize mono
Mono path[0] = 'C:/Program Files/Unity/Hub/Editor/2021.3.14f1/Editor/Data/Managed'
Mono path[1] = 'C:/Program Files/Unity/Hub/Editor/2021.3.14f1/Editor/Data/MonoBleedingEdge/lib/mono/unityjit-win32'
Mono config path = 'C:/Program Files/Unity/Hub/Editor/2021.3.14f1/Editor/Data/MonoBleedingEdge/etc'
Using monoOptions --debugger-agent=transport=dt_socket,embedding=1,server=y,suspend=n,address=127.0.0.1:56848
Begin MonoManager ReloadAssembly
Registering precompiled unity dll's ...
Register platform support module: C:/Program Files/Unity/Hub/Editor/2021.3.14f1/Editor/Data/PlaybackEngines/WindowsStandaloneSupport/UnityEditor.WindowsStandalone.Extensions.dll
Registered in 0.003035 seconds.
Native extension for WindowsStandalone target not found
Refreshing native plugins compatible for Editor in 66.60 ms, found 6 plugins.
Preloading 0 native plugins for Editor in 0.00 ms.
Mono: successfully reloaded assembly
- Completed reload, in  0.488 seconds
Domain Reload Profiling:
	ReloadAssembly (488ms)
		BeginReloadAssembly (60ms)
			ExecutionOrderSort (0ms)
			DisableScriptedObjects (0ms)
			BackupInstance (0ms)
			ReleaseScriptingObjects (0ms)
			CreateAndSetChildDomain (1ms)
		EndReloadAssembly (347ms)
			LoadAssemblies (58ms)
			RebuildTransferFunctionScriptingTraits (0ms)
			SetupTypeCache (80ms)
			ReleaseScriptCaches (0ms)
			RebuildScriptCaches (19ms)
			SetupLoadedEditorAssemblies (206ms)
				LogAssemblyErrors (0ms)
				InitializePlatformSupportModulesInManaged (6ms)
				SetLoadedEditorAssemblies (0ms)
				RefreshPlugins (67ms)
				BeforeProcessingInitializeOnLoad (2ms)
				ProcessInitializeOnLoadAttributes (95ms)
				ProcessInitializeOnLoadMethodAttributes (36ms)
				AfterProcessingInitializeOnLoad (0ms)
				EditorAssembliesLoaded (0ms)
			ExecutionOrderSort2 (0ms)
			AwakeInstancesAfterBackupRestoration (0ms)
Platform modules already initialized, skipping
Registering precompiled user dll's ...
Registered in 0.004061 seconds.
Begin MonoManager ReloadAssembly
Symbol file LoadedFromMemory doesn't match image E:\DLFC\Lining-Cube\Library\PackageCache\com.unity.visualscripting@1.8.0\Editor\VisualScripting.Core\Dependencies\YamlDotNet\Unity.VisualScripting.YamlDotNet.dll
Symbol file LoadedFromMemory doesn't match image E:\DLFC\Lining-Cube\Library\PackageCache\com.unity.visualscripting@1.8.0\Editor\VisualScripting.Core\Dependencies\DotNetZip\Unity.VisualScripting.IonicZip.dll
Native extension for WindowsStandalone target not found
Refreshing native plugins compatible for Editor in 0.62 ms, found 6 plugins.
Preloading 0 native plugins for Editor in 0.00 ms.
Mono: successfully reloaded assembly
- Completed reload, in  1.569 seconds
Domain Reload Profiling:
	ReloadAssembly (1570ms)
		BeginReloadAssembly (84ms)
			ExecutionOrderSort (0ms)
			DisableScriptedObjects (4ms)
			BackupInstance (0ms)
			ReleaseScriptingObjects (0ms)
			CreateAndSetChildDomain (14ms)
		EndReloadAssembly (1400ms)
			LoadAssemblies (66ms)
			RebuildTransferFunctionScriptingTraits (0ms)
			SetupTypeCache (179ms)
			ReleaseScriptCaches (0ms)
			RebuildScriptCaches (48ms)
			SetupLoadedEditorAssemblies (1077ms)
				LogAssemblyErrors (0ms)
				InitializePlatformSupportModulesInManaged (3ms)
				SetLoadedEditorAssemblies (0ms)
				RefreshPlugins (1ms)
				BeforeProcessingInitializeOnLoad (57ms)
				ProcessInitializeOnLoadAttributes (968ms)
				ProcessInitializeOnLoadMethodAttributes (43ms)
				AfterProcessingInitializeOnLoad (4ms)
				EditorAssembliesLoaded (0ms)
			ExecutionOrderSort2 (0ms)
			AwakeInstancesAfterBackupRestoration (4ms)
Platform modules already initialized, skipping
========================================================================
Worker process is ready to serve import requests
Launched and connected shader compiler UnityShaderCompiler.exe after 0.09 seconds
Refreshing native plugins compatible for Editor in 0.70 ms, found 6 plugins.
Preloading 0 native plugins for Editor in 0.00 ms.
Unloading 3888 Unused Serialized files (Serialized files now loaded: 0)
Unloading 52 unused Assets / (1.3 MB). Loaded Objects now: 4394.
Memory consumption went from 168.5 MB to 167.2 MB.
Total: 19.182000 ms (FindLiveObjects: 0.255000 ms CreateObjectMapping: 0.118300 ms MarkObjects: 18.496700 ms  DeleteObjects: 0.310600 ms)

AssetImportParameters requested are different than current active one (requested -> active):
  custom:video-decoder-ogg-theora: a1e56fd34408186e4bbccfd4996cb3dc -> 
  custom:container-muxer-webm: aa71ff27fc2769a1b78a27578f13a17b -> 
  custom:container-demuxer-webm: 4f35f7cbe854078d1ac9338744f61a02 -> 
  custom:video-encoder-webm-vp8: eb34c28f22e8b96e1ab97ce403110664 -> 
  custom:video-codec-MediaFoundation-h265: 746d11721c4dcdbdad8f713fa42b33f4 -> 
  custom:audio-encoder-webm-vorbis: bf7c407c2cedff20999df2af8eb42d56 -> 
  custom:framework-win-MediaFoundation: 216162199b28c13a410421893ffa2e32 -> 
  custom:container-demuxer-ogg: 62fdf1f143b41e24485cea50d1cbac27 -> 
  custom:video-decoder-webm-vp8: 9c59270c3fd7afecdb556c50c9e8de78 -> 
  custom:audio-decoder-ogg-vorbis: bf7c407c2cedff20999df2af8eb42d56 -> 
========================================================================
Received Import Request.
  Time since last request: 1435.832424 seconds.
  path: Assets/#Template/[Scenes]/Farm.unity
  artifactKey: Guid(b12ee683761b9b143888e55d0ec92bfc) Importer(815301076,1909f56bfc062723c751e8b465ee728b)
Start importing Assets/#Template/[Scenes]/Farm.unity using Guid(b12ee683761b9b143888e55d0ec92bfc) Importer(815301076,1909f56bfc062723c751e8b465ee728b)  -> (artifact id: '1c705185f0016d0a418d45dc5d1d5893') in 0.016869 seconds 
========================================================================
Received Import Request.
  Time since last request: 0.000028 seconds.
  path: Assets/#Template/[Scenes]
  artifactKey: Guid(e8b11019881ed7547a632dc35da01f44) Importer(815301076,1909f56bfc062723c751e8b465ee728b)
Start importing Assets/#Template/[Scenes] using Guid(e8b11019881ed7547a632dc35da01f44) Importer(815301076,1909f56bfc062723c751e8b465ee728b)  -> (artifact id: '7c304259cc9b4ae9c4d12e6b3a3d82f0') in 0.009725 seconds 
========================================================================
Received Import Request.
  Time since last request: 3557.504342 seconds.
  path: Assets/#Template/Trigger.prefab
  artifactKey: Guid(72ff057f6fa118848b9fbc9708ae7252) Importer(815301076,1909f56bfc062723c751e8b465ee728b)
Start importing Assets/#Template/Trigger.prefab using Guid(72ff057f6fa118848b9fbc9708ae7252) Importer(815301076,1909f56bfc062723c751e8b465ee728b)  -> (artifact id: 'c0eda515b8d81e0988e6db943fbd9248') in 0.237512 seconds 
========================================================================
Received Prepare
Registering precompiled user dll's ...
Registered in 0.003375 seconds.
Begin MonoManager ReloadAssembly
Symbol file LoadedFromMemory doesn't match image E:\DLFC\Lining-Cube\Library\PackageCache\com.unity.visualscripting@1.8.0\Editor\VisualScripting.Core\Dependencies\YamlDotNet\Unity.VisualScripting.YamlDotNet.dll
Symbol file LoadedFromMemory doesn't match image E:\DLFC\Lining-Cube\Library\PackageCache\com.unity.visualscripting@1.8.0\Editor\VisualScripting.Core\Dependencies\DotNetZip\Unity.VisualScripting.IonicZip.dll
Native extension for WindowsStandalone target not found
Refreshing native plugins compatible for Editor in 0.84 ms, found 6 plugins.
Preloading 0 native plugins for Editor in 0.00 ms.
Mono: successfully reloaded assembly
- Completed reload, in  1.913 seconds
Domain Reload Profiling:
	ReloadAssembly (1915ms)
		BeginReloadAssembly (278ms)
			ExecutionOrderSort (0ms)
			DisableScriptedObjects (10ms)
			BackupInstance (0ms)
			ReleaseScriptingObjects (0ms)
			CreateAndSetChildDomain (144ms)
		EndReloadAssembly (1520ms)
			LoadAssemblies (80ms)
			RebuildTransferFunctionScriptingTraits (0ms)
			SetupTypeCache (246ms)
			ReleaseScriptCaches (1ms)
			RebuildScriptCaches (36ms)
			SetupLoadedEditorAssemblies (1129ms)
				LogAssemblyErrors (0ms)
				InitializePlatformSupportModulesInManaged (11ms)
				SetLoadedEditorAssemblies (1ms)
				RefreshPlugins (1ms)
				BeforeProcessingInitializeOnLoad (50ms)
				ProcessInitializeOnLoadAttributes (1018ms)
				ProcessInitializeOnLoadMethodAttributes (44ms)
				AfterProcessingInitializeOnLoad (5ms)
				EditorAssembliesLoaded (0ms)
			ExecutionOrderSort2 (0ms)
			AwakeInstancesAfterBackupRestoration (6ms)
Platform modules already initialized, skipping
Refreshing native plugins compatible for Editor in 2.91 ms, found 6 plugins.
Preloading 0 native plugins for Editor in 0.00 ms.
Unloading 3730 Unused Serialized files (Serialized files now loaded: 0)
Unloading 45 unused Assets / (1.3 MB). Loaded Objects now: 4398.
Memory consumption went from 152.6 MB to 151.3 MB.
Total: 23.722200 ms (FindLiveObjects: 0.292000 ms CreateObjectMapping: 0.166400 ms MarkObjects: 22.871600 ms  DeleteObjects: 0.390400 ms)

AssetImportParameters requested are different than current active one (requested -> active):
  custom:video-decoder-ogg-theora: a1e56fd34408186e4bbccfd4996cb3dc -> 
  custom:container-muxer-webm: aa71ff27fc2769a1b78a27578f13a17b -> 
  custom:container-demuxer-webm: 4f35f7cbe854078d1ac9338744f61a02 -> 
  custom:video-encoder-webm-vp8: eb34c28f22e8b96e1ab97ce403110664 -> 
  custom:video-codec-MediaFoundation-h265: 746d11721c4dcdbdad8f713fa42b33f4 -> 
  custom:audio-encoder-webm-vorbis: bf7c407c2cedff20999df2af8eb42d56 -> 
  custom:framework-win-MediaFoundation: 216162199b28c13a410421893ffa2e32 -> 
  custom:container-demuxer-ogg: 62fdf1f143b41e24485cea50d1cbac27 -> 
  custom:video-decoder-webm-vp8: 9c59270c3fd7afecdb556c50c9e8de78 -> 
  custom:audio-decoder-ogg-vorbis: bf7c407c2cedff20999df2af8eb42d56 -> 
========================================================================
Received Prepare
Registering precompiled user dll's ...
Registered in 0.003184 seconds.
Begin MonoManager ReloadAssembly
Symbol file LoadedFromMemory doesn't match image E:\DLFC\Lining-Cube\Library\PackageCache\com.unity.visualscripting@1.8.0\Editor\VisualScripting.Core\Dependencies\YamlDotNet\Unity.VisualScripting.YamlDotNet.dll
Symbol file LoadedFromMemory doesn't match image E:\DLFC\Lining-Cube\Library\PackageCache\com.unity.visualscripting@1.8.0\Editor\VisualScripting.Core\Dependencies\DotNetZip\Unity.VisualScripting.IonicZip.dll
Native extension for WindowsStandalone target not found
Refreshing native plugins compatible for Editor in 0.98 ms, found 6 plugins.
Preloading 0 native plugins for Editor in 0.00 ms.
Mono: successfully reloaded assembly
- Completed reload, in  1.729 seconds
Domain Reload Profiling:
	ReloadAssembly (1730ms)
		BeginReloadAssembly (137ms)
			ExecutionOrderSort (0ms)
			DisableScriptedObjects (4ms)
			BackupInstance (0ms)
			ReleaseScriptingObjects (0ms)
			CreateAndSetChildDomain (40ms)
		EndReloadAssembly (1491ms)
			LoadAssemblies (79ms)
			RebuildTransferFunctionScriptingTraits (0ms)
			SetupTypeCache (238ms)
			ReleaseScriptCaches (1ms)
			RebuildScriptCaches (41ms)
			SetupLoadedEditorAssemblies (1102ms)
				LogAssemblyErrors (0ms)
				InitializePlatformSupportModulesInManaged (11ms)
				SetLoadedEditorAssemblies (0ms)
				RefreshPlugins (1ms)
				BeforeProcessingInitializeOnLoad (48ms)
				ProcessInitializeOnLoadAttributes (990ms)
				ProcessInitializeOnLoadMethodAttributes (46ms)
				AfterProcessingInitializeOnLoad (4ms)
				EditorAssembliesLoaded (0ms)
			ExecutionOrderSort2 (0ms)
			AwakeInstancesAfterBackupRestoration (6ms)
Platform modules already initialized, skipping
Refreshing native plugins compatible for Editor in 3.06 ms, found 6 plugins.
Preloading 0 native plugins for Editor in 0.00 ms.
Unloading 3730 Unused Serialized files (Serialized files now loaded: 0)
Unloading 45 unused Assets / (1.3 MB). Loaded Objects now: 4401.
Memory consumption went from 152.6 MB to 151.3 MB.
Total: 19.408800 ms (FindLiveObjects: 0.224300 ms CreateObjectMapping: 0.112400 ms MarkObjects: 18.757600 ms  DeleteObjects: 0.312500 ms)

AssetImportParameters requested are different than current active one (requested -> active):
  custom:video-decoder-ogg-theora: a1e56fd34408186e4bbccfd4996cb3dc -> 
  custom:container-muxer-webm: aa71ff27fc2769a1b78a27578f13a17b -> 
  custom:container-demuxer-webm: 4f35f7cbe854078d1ac9338744f61a02 -> 
  custom:video-encoder-webm-vp8: eb34c28f22e8b96e1ab97ce403110664 -> 
  custom:video-codec-MediaFoundation-h265: 746d11721c4dcdbdad8f713fa42b33f4 -> 
  custom:audio-encoder-webm-vorbis: bf7c407c2cedff20999df2af8eb42d56 -> 
  custom:framework-win-MediaFoundation: 216162199b28c13a410421893ffa2e32 -> 
  custom:container-demuxer-ogg: 62fdf1f143b41e24485cea50d1cbac27 -> 
  custom:video-decoder-webm-vp8: 9c59270c3fd7afecdb556c50c9e8de78 -> 
  custom:audio-decoder-ogg-vorbis: bf7c407c2cedff20999df2af8eb42d56 -> 
========================================================================
Received Import Request.
  Time since last request: 1738.192995 seconds.
  path: Assets/Resources/Prefabs/Aura.prefab
  artifactKey: Guid(941fda320c6b28c4fbc0f0fde893d9e9) Importer(815301076,1909f56bfc062723c751e8b465ee728b)
Start importing Assets/Resources/Prefabs/Aura.prefab using Guid(941fda320c6b28c4fbc0f0fde893d9e9) Importer(815301076,1909f56bfc062723c751e8b465ee728b)  -> (artifact id: '01ccc64413ed1e1431c2aae2b93153df') in 0.197361 seconds 
========================================================================
Received Import Request.
  Time since last request: 7.394609 seconds.
  path: Assets/Resources/Prefabs/LevelUI.prefab
  artifactKey: Guid(586c503bcb3252740b4055451b89cdc6) Importer(815301076,1909f56bfc062723c751e8b465ee728b)
Start importing Assets/Resources/Prefabs/LevelUI.prefab using Guid(586c503bcb3252740b4055451b89cdc6) Importer(815301076,1909f56bfc062723c751e8b465ee728b)  -> (artifact id: '02cb04017641ae3083b8953d062acaf6') in 0.018386 seconds 
========================================================================
Received Prepare
Registering precompiled user dll's ...
Registered in 0.003823 seconds.
Begin MonoManager ReloadAssembly
Symbol file LoadedFromMemory doesn't match image E:\DLFC\Lining-Cube\Library\PackageCache\com.unity.visualscripting@1.8.0\Editor\VisualScripting.Core\Dependencies\YamlDotNet\Unity.VisualScripting.YamlDotNet.dll
Symbol file LoadedFromMemory doesn't match image E:\DLFC\Lining-Cube\Library\PackageCache\com.unity.visualscripting@1.8.0\Editor\VisualScripting.Core\Dependencies\DotNetZip\Unity.VisualScripting.IonicZip.dll
Native extension for WindowsStandalone target not found
Refreshing native plugins compatible for Editor in 0.71 ms, found 6 plugins.
Preloading 0 native plugins for Editor in 0.00 ms.
Mono: successfully reloaded assembly
- Completed reload, in  1.704 seconds
Domain Reload Profiling:
	ReloadAssembly (1705ms)
		BeginReloadAssembly (121ms)
			ExecutionOrderSort (0ms)
			DisableScriptedObjects (3ms)
			BackupInstance (0ms)
			ReleaseScriptingObjects (0ms)
			CreateAndSetChildDomain (39ms)
		EndReloadAssembly (1492ms)
			LoadAssemblies (70ms)
			RebuildTransferFunctionScriptingTraits (0ms)
			SetupTypeCache (217ms)
			ReleaseScriptCaches (2ms)
			RebuildScriptCaches (32ms)
			SetupLoadedEditorAssemblies (1128ms)
				LogAssemblyErrors (0ms)
				InitializePlatformSupportModulesInManaged (11ms)
				SetLoadedEditorAssemblies (1ms)
				RefreshPlugins (1ms)
				BeforeProcessingInitializeOnLoad (54ms)
				ProcessInitializeOnLoadAttributes (1011ms)
				ProcessInitializeOnLoadMethodAttributes (44ms)
				AfterProcessingInitializeOnLoad (5ms)
				EditorAssembliesLoaded (0ms)
			ExecutionOrderSort2 (0ms)
			AwakeInstancesAfterBackupRestoration (7ms)
Platform modules already initialized, skipping
Refreshing native plugins compatible for Editor in 3.35 ms, found 6 plugins.
Preloading 0 native plugins for Editor in 0.00 ms.
Unloading 3730 Unused Serialized files (Serialized files now loaded: 0)
Unloading 45 unused Assets / (1.3 MB). Loaded Objects now: 4411.
Memory consumption went from 157.0 MB to 155.7 MB.
Total: 19.682700 ms (FindLiveObjects: 0.272000 ms CreateObjectMapping: 0.099000 ms MarkObjects: 18.973800 ms  DeleteObjects: 0.336200 ms)

AssetImportParameters requested are different than current active one (requested -> active):
  custom:video-decoder-ogg-theora: a1e56fd34408186e4bbccfd4996cb3dc -> 
  custom:container-muxer-webm: aa71ff27fc2769a1b78a27578f13a17b -> 
  custom:container-demuxer-webm: 4f35f7cbe854078d1ac9338744f61a02 -> 
  custom:video-encoder-webm-vp8: eb34c28f22e8b96e1ab97ce403110664 -> 
  custom:video-codec-MediaFoundation-h265: 746d11721c4dcdbdad8f713fa42b33f4 -> 
  custom:audio-encoder-webm-vorbis: bf7c407c2cedff20999df2af8eb42d56 -> 
  custom:framework-win-MediaFoundation: 216162199b28c13a410421893ffa2e32 -> 
  custom:container-demuxer-ogg: 62fdf1f143b41e24485cea50d1cbac27 -> 
  custom:video-decoder-webm-vp8: 9c59270c3fd7afecdb556c50c9e8de78 -> 
  custom:audio-decoder-ogg-vorbis: bf7c407c2cedff20999df2af8eb42d56 -> 
========================================================================
Received Import Request.
  Time since last request: 70.812332 seconds.
  path: Assets/Resources/Prefabs/LevelUI.prefab
  artifactKey: Guid(586c503bcb3252740b4055451b89cdc6) Importer(815301076,1909f56bfc062723c751e8b465ee728b)
Start importing Assets/Resources/Prefabs/LevelUI.prefab using Guid(586c503bcb3252740b4055451b89cdc6) Importer(815301076,1909f56bfc062723c751e8b465ee728b)  -> (artifact id: 'ada6e3d9731b74bf1a216c7e9a6139e6') in 0.047710 seconds 
========================================================================
Received Import Request.
  Time since last request: 16.077313 seconds.
  path: Assets/Resources/Prefabs/LevelUI.prefab
  artifactKey: Guid(586c503bcb3252740b4055451b89cdc6) Importer(815301076,1909f56bfc062723c751e8b465ee728b)
Start importing Assets/Resources/Prefabs/LevelUI.prefab using Guid(586c503bcb3252740b4055451b89cdc6) Importer(815301076,1909f56bfc062723c751e8b465ee728b)  -> (artifact id: '07443eb51f7a79ed0e7c99bdf87de638') in 0.005759 seconds 
========================================================================
Received Import Request.
  Time since last request: 111.679821 seconds.
  path: Assets/#Template/[Textures]/New Material.mat
  artifactKey: Guid(4fa0f705d8862864cac8f4b55eda368c) Importer(815301076,1909f56bfc062723c751e8b465ee728b)
Start importing Assets/#Template/[Textures]/New Material.mat using Guid(4fa0f705d8862864cac8f4b55eda368c) Importer(815301076,1909f56bfc062723c751e8b465ee728b)  -> (artifact id: 'd3396f49eca1156aafde9e0aac00e436') in 0.050789 seconds 
========================================================================
Received Import Request.
  Time since last request: 125.922876 seconds.
  path: Assets/#Template/[Textures]/crown-shadow.asset
  artifactKey: Guid(c1a7ff68a63a6af4192b2ba648b8556c) Importer(815301076,1909f56bfc062723c751e8b465ee728b)
Start importing Assets/#Template/[Textures]/crown-shadow.asset using Guid(c1a7ff68a63a6af4192b2ba648b8556c) Importer(815301076,1909f56bfc062723c751e8b465ee728b)  -> (artifact id: 'f9381fa2e39a25a488e0fa1821cf11ef') in 0.052423 seconds 
========================================================================
Received Import Request.
  Time since last request: 34.104181 seconds.
  path: Assets/#Template/[Textures]/crown-shadow.asset
  artifactKey: Guid(c1a7ff68a63a6af4192b2ba648b8556c) Importer(815301076,1909f56bfc062723c751e8b465ee728b)
Start importing Assets/#Template/[Textures]/crown-shadow.asset using Guid(c1a7ff68a63a6af4192b2ba648b8556c) Importer(815301076,1909f56bfc062723c751e8b465ee728b)  -> (artifact id: 'a0ce0b0d6923d226b77c0a1792cf7020') in 0.006291 seconds 
========================================================================
Received Import Request.
  Time since last request: 37.672575 seconds.
  path: Assets/#Template/[Textures]/NewSurfaceShader.shader
  artifactKey: Guid(dba1ae812493628428886f08b4af87b6) Importer(815301076,1909f56bfc062723c751e8b465ee728b)
Start importing Assets/#Template/[Textures]/NewSurfaceShader.shader using Guid(dba1ae812493628428886f08b4af87b6) Importer(815301076,1909f56bfc062723c751e8b465ee728b)  -> (artifact id: '33471d2e4c5f39f32fae7e574a616e79') in 0.014022 seconds 
========================================================================
Received Import Request.
  Time since last request: 39.873738 seconds.
  path: Assets/#Template/[Textures]/crown-shadow.asset
  artifactKey: Guid(c1a7ff68a63a6af4192b2ba648b8556c) Importer(815301076,1909f56bfc062723c751e8b465ee728b)
Start importing Assets/#Template/[Textures]/crown-shadow.asset using Guid(c1a7ff68a63a6af4192b2ba648b8556c) Importer(815301076,1909f56bfc062723c751e8b465ee728b)  -> (artifact id: 'b3349a3bba8fb3ec11643d54e6590173') in 0.007653 seconds 
========================================================================
Received Import Request.
  Time since last request: 221.093170 seconds.
  path: Assets/#Template/[Textures]/SpriteAtlasTexture-SGEMenu-2048x2048-fmt13.png
  artifactKey: Guid(9e0774aee7b81af4f8f8e17018ba1364) Importer(815301076,1909f56bfc062723c751e8b465ee728b)
Start importing Assets/#Template/[Textures]/SpriteAtlasTexture-SGEMenu-2048x2048-fmt13.png using Guid(9e0774aee7b81af4f8f8e17018ba1364) Importer(815301076,1909f56bfc062723c751e8b465ee728b)  -> (artifact id: '818a5ef5376c2f01cafcde3e501bd4bb') in 0.031287 seconds 
========================================================================
Received Import Request.
  Time since last request: 56.736706 seconds.
  path: Assets/Texture2D/SpriteAtlasTexture-SGEMenu-2048x2048-fmt13.png
  artifactKey: Guid(4ee2b805ff63779438d2703bad873894) Importer(815301076,1909f56bfc062723c751e8b465ee728b)
Start importing Assets/Texture2D/SpriteAtlasTexture-SGEMenu-2048x2048-fmt13.png using Guid(4ee2b805ff63779438d2703bad873894) Importer(815301076,1909f56bfc062723c751e8b465ee728b)  -> (artifact id: 'e4d0c985790298994b00e78ea0dc8f40') in 0.015884 seconds 
========================================================================
Received Import Request.
  Time since last request: 9.007505 seconds.
  path: Assets/ProBuilder Data/Default Color Palette.asset
  artifactKey: Guid(b6541ab6c2e615e478ccdfb7f98b5e9d) Importer(815301076,1909f56bfc062723c751e8b465ee728b)
Start importing Assets/ProBuilder Data/Default Color Palette.asset using Guid(b6541ab6c2e615e478ccdfb7f98b5e9d) Importer(815301076,1909f56bfc062723c751e8b465ee728b)  -> (artifact id: '37c59ba3f77af905b51cdabd2967f109') in 0.029308 seconds 
========================================================================
Received Import Request.
  Time since last request: 6.529240 seconds.
  path: Assets/Sprite/diamond outline_0.asset
  artifactKey: Guid(db360925fcc4c8c4bbd526b0243150bf) Importer(815301076,1909f56bfc062723c751e8b465ee728b)
Start importing Assets/Sprite/diamond outline_0.asset using Guid(db360925fcc4c8c4bbd526b0243150bf) Importer(815301076,1909f56bfc062723c751e8b465ee728b)  -> (artifact id: '1ecba3918d90507f2b74a76b58c72be3') in 0.018419 seconds 
========================================================================
Received Import Request.
  Time since last request: 0.598069 seconds.
  path: Assets/Sprite/kwadrat.asset
  artifactKey: Guid(db95659f620764b4081aa38709e9dc1f) Importer(815301076,1909f56bfc062723c751e8b465ee728b)
Start importing Assets/Sprite/kwadrat.asset using Guid(db95659f620764b4081aa38709e9dc1f) Importer(815301076,1909f56bfc062723c751e8b465ee728b)  -> (artifact id: '3374d1fbd5960d3d88250fed7abbbe55') in 0.039538 seconds 
Editor requested this worker to shutdown with reason: Scaling down because of idle timeout
AssetImportWorker is now disconnected from the server
Process exiting
Exiting without the bug reporter. Application will terminate with return code 0